<?xml version="1.0" encoding="UTF-8"?>
<testng-results ignored="0" total="1" passed="1" failed="0" skipped="0">
  <reporter-output>
  </reporter-output>
  <suite started-at="2023-05-29T18:03:10 IST" name="Default suite" finished-at="2023-05-29T18:03:31 IST" duration-ms="21042">
    <groups>
    </groups>
    <test started-at="2023-05-29T18:03:10 IST" name="Default test" finished-at="2023-05-29T18:03:31 IST" duration-ms="21042">
      <class name="com.RadioButton.RadiobuttonTest">
        <test-method is-config="true" signature="setUp()[pri:0, instance:com.RadioButton.RadiobuttonTest@4e096385]" started-at="2023-05-29T18:03:10 IST" name="setUp" finished-at="2023-05-29T18:03:15 IST" duration-ms="5011" status="PASS">
          <reporter-output>
          </reporter-output>
        </test-method> <!-- setUp -->
        <test-method signature="radioButtonsTesting()[pri:0, instance:com.RadioButton.RadiobuttonTest@4e096385]" started-at="2023-05-29T18:03:15 IST" name="radioButtonsTesting" finished-at="2023-05-29T18:03:31 IST" duration-ms="15777" status="PASS">
          <reporter-output>
          </reporter-output>
        </test-method> <!-- radioButtonsTesting -->
        <test-method is-config="true" signature="tearDown()[pri:0, instance:com.RadioButton.RadiobuttonTest@4e096385]" started-at="2023-05-29T18:03:31 IST" name="tearDown" finished-at="2023-05-29T18:03:31 IST" duration-ms="208" status="PASS">
          <reporter-output>
          </reporter-output>
        </test-method> <!-- tearDown -->
      </class> <!-- com.RadioButton.RadiobuttonTest -->
    </test> <!-- Default test -->
  </suite> <!-- Default suite -->
</testng-results>
