<?xml version="1.0" encoding="UTF-8"?>
<!-- Generated by org.testng.reporters.JUnitXMLReporter -->
<testsuite ignored="0" hostname="Vishnu-Kunwar" failures="0" tests="7" name="AddEmployee" time="12.85" errors="0" timestamp="2023-05-29T12:08:13 IST">
  <testcase classname="com.TestCases.LoginTest" name="oHRMApplicationLogInPageValidationTest" time="3.245"/>
  <testcase classname="com.TestCases.AddEmployeeTest" name="oHRMApplicationHomePageValidation" time="0.396"/>
  <testcase classname="com.TestCases.AddEmployeeTest" name="oHRMApplicationHomePagePIMTest" time="0.439"/>
  <testcase classname="com.TestCases.AddEmployeeTest" name="oHRMApplicationHomePageAddEmployeeTest" time="0.72"/>
  <testcase classname="com.TestCases.AddEmployeeTest" name="oHRMApplicationHomePageAddEmployeeValidationTest" time="2.587"/>
  <testcase classname="com.TestCases.AddEmployeeTest" name="oHRMApplicationPersonalDetailsValidationTest" time="0.189"/>
  <testcase classname="com.TestCases.LoginTest" name="oHRMApplicationHomePagelogOutTest" time="1.58"/>
</testsuite> <!-- AddEmployee -->
