<?xml version="1.0" encoding="UTF-8"?>
<!-- Generated by org.testng.reporters.JUnitXMLReporter -->
<testsuite ignored="0" hostname="Vishnu-Kunwar" failures="0" tests="3" name="Default test" time="6.721" errors="0" timestamp="2023-05-31T15:00:30 IST">
  <testcase classname="com.OrangeHRMApplicationwebpagestest.OrangeHRMLoginPageTest" name="validatingLogInPageTextTest" time="0.138"/>
  <testcase classname="com.OrangeHRMApplicationwebpagestest.OrangeHRMLoginPageTest" name="validatingLogInTest" time="4.845"/>
  <testcase classname="com.OrangeHRMApplicationwebpagestest.OrangeHRMLoginPageTest" name="validatingLogInPageLogoTest" time="0.101"/>
</testsuite> <!-- Default test -->
